proguard.cfg
-optimizationpasses 5
-dontusemixedcaseclassnames
-dontskipnonpubliclibraryclasses
-dontpreverify
-ignorewarnings
-verbose
-optimizations !code/simplification/arithmetic,!field/*,!class/merging/*
-dontwarn
-dontoptimize
-keepattributes InnerClasses,LineNumberTable

-libraryjars libs/gson-2.2.1.jar
-libraryjars libs/android-support-v4.jar


-dontskipnonpubliclibraryclassmembers
-dontskipnonpubliclibraryclasses

-keep public class * extends android.app.Activity
-keep public class * extends android.app.Application
-keep public class * extends android.app.Service
-keep public class * extends android.content.BroadcastReceiver
-keep public class * extends android.content.ContentProvider
-keep public class * extends android.app.backup.BackupAgentHelper
-keep public class * extends android.preference.Preference
-keep public class * extends android.support.v4.**
-keep public class com.android.vending.licensing.ILicensingService

-keep class **.R$* {*;}
-keep class com.google.**{*;}
-keep class android.net.http.SslError
-keep class android.webkit.**{*;}
-keep class m.framework.**{*;}
-keepattributes *Annotation*
-keepattributes Signature

-keep class com.mrwang.intellcity.bean.**{*;}
-keep class com.jeremyfeinstein.slidingmenu.**{*;}
-keep class com.lidroid.xutils.**{*;}
-keep class android.support.v4.**{*;}




-keepclasseswithmembernames class * {
    native <methods>;
}

-keepclasseswithmembernames class * {
    public <init>(android.content.Context, android.util.AttributeSet);
}

-keepclasseswithmembernames class * {
    public <init>(android.content.Context, android.util.AttributeSet, int);
}

-keepclassmembers enum * {
    public static **[] values();
    public static ** valueOf(java.lang.String);
}
-keep public class com.umeng.fb.ui.ThreadView {
}

-keep class * implements android.os.Parcelable {
  public static final android.os.Parcelable$Creator *;
}
-keepclassmembers class * {
   public <init>(org.json.JSONObject);
}
-keep class * implements android.os.Parcelable {
  public static final android.os.Parcelable$Creator *;
}