proguard/seeds.txt
com.mrwang.intellcity.R$styleable
com.mrwang.intellcity.R$styleable: int[] ButtonBarContainerTheme
com.mrwang.intellcity.R$styleable: int ButtonBarContainerTheme_buttonBarButtonStyle
com.mrwang.intellcity.R$styleable: int ButtonBarContainerTheme_buttonBarStyle
com.mrwang.intellcity.R$styleable: int[] CirclePageIndicator
com.mrwang.intellcity.R$styleable: int CirclePageIndicator_android_background
com.mrwang.intellcity.R$styleable: int CirclePageIndicator_android_orientation
com.mrwang.intellcity.R$styleable: int CirclePageIndicator_centered
com.mrwang.intellcity.R$styleable: int CirclePageIndicator_fillColor
com.mrwang.intellcity.R$styleable: int CirclePageIndicator_pageColor
com.mrwang.intellcity.R$styleable: int CirclePageIndicator_radius
com.mrwang.intellcity.R$styleable: int CirclePageIndicator_snap
com.mrwang.intellcity.R$styleable: int CirclePageIndicator_strokeColor
com.mrwang.intellcity.R$styleable: int CirclePageIndicator_strokeWidth
com.mrwang.intellcity.R$styleable: int[] LinePageIndicator
com.mrwang.intellcity.R$styleable: int LinePageIndicator_android_background
com.mrwang.intellcity.R$styleable: int LinePageIndicator_centered
com.mrwang.intellcity.R$styleable: int LinePageIndicator_gapWidth
com.mrwang.intellcity.R$styleable: int LinePageIndicator_lineWidth
com.mrwang.intellcity.R$styleable: int LinePageIndicator_selectedColor
com.mrwang.intellcity.R$styleable: int LinePageIndicator_strokeWidth
com.mrwang.intellcity.WelcomeActivity
com.mrwang.intellcity.WelcomeActivity: WelcomeActivity()
com.mrwang.intellcity.base.BaseFragment
com.mrwang.intellcity.bean.NewCenter
com.mrwang.intellcity.bean.NewCenter: java.util.List data
com.mrwang.intellcity.bean.NewCenter: java.util.List extend
com.mrwang.intellcity.bean.NewCenter: java.lang.String retcode
com.mrwang.intellcity.bean.NewCenter: NewCenter()
com.mrwang.intellcity.bean.NewCenter$Children
com.mrwang.intellcity.bean.NewCenter$Children: java.lang.String id
com.mrwang.intellcity.bean.NewCenter$Children: java.lang.String title
com.mrwang.intellcity.bean.NewCenter$Children: java.lang.String type
com.mrwang.intellcity.bean.NewCenter$Children: java.lang.String url
com.mrwang.intellcity.bean.NewCenter$Children: com.mrwang.intellcity.bean.NewCenter this$0
com.mrwang.intellcity.bean.NewCenter$Children: NewCenter$Children(com.mrwang.intellcity.bean.NewCenter)
com.mrwang.intellcity.bean.NewCenter$NewCenterItem
com.mrwang.intellcity.bean.NewCenter$NewCenterItem: java.util.List children
com.mrwang.intellcity.bean.NewCenter$NewCenterItem: java.lang.String id
com.mrwang.intellcity.bean.NewCenter$NewCenterItem: java.lang.String title
com.mrwang.intellcity.bean.NewCenter$NewCenterItem: java.lang.String type
com.mrwang.intellcity.bean.NewCenter$NewCenterItem: java.lang.String url
com.mrwang.intellcity.bean.NewCenter$NewCenterItem: java.lang.String url1
com.mrwang.intellcity.bean.NewCenter$NewCenterItem: java.lang.String dayurl
com.mrwang.intellcity.bean.NewCenter$NewCenterItem: java.lang.String excurl
com.mrwang.intellcity.bean.NewCenter$NewCenterItem: java.lang.String weekurl
com.mrwang.intellcity.bean.NewCenter$NewCenterItem: com.mrwang.intellcity.bean.NewCenter this$0
com.mrwang.intellcity.bean.NewCenter$NewCenterItem: NewCenter$NewCenterItem(com.mrwang.intellcity.bean.NewCenter)
com.mrwang.intellcity.bean.newBean
com.mrwang.intellcity.bean.newBean: com.mrwang.intellcity.bean.newBean$newBeanItem data
com.mrwang.intellcity.bean.newBean: java.lang.String retcode
com.mrwang.intellcity.bean.newBean: newBean()