proguard/mapping.txt
com.google.gson.LongSerializationPolicy -> com.google.gson.LongSerializationPolicy:
    com.google.gson.LongSerializationPolicy DEFAULT -> DEFAULT
    com.google.gson.LongSerializationPolicy STRING -> STRING
    com.google.gson.LongSerializationPolicy[] $VALUES -> $VALUES
    27:27:com.google.gson.LongSerializationPolicy[] values() -> values
    27:27:com.google.gson.LongSerializationPolicy valueOf(java.lang.String) -> valueOf
    com.google.gson.JsonElement serialize(java.lang.Long) -> serialize
com.google.gson.LongSerializationPolicy$1 -> com.google.gson.LongSerializationPolicy$1:
    36:36:com.google.gson.JsonElement serialize(java.lang.Long) -> serialize
com.google.gson.LongSerializationPolicy$2 -> com.google.gson.LongSerializationPolicy$2:
    47:47:com.google.gson.JsonElement serialize(java.lang.Long) -> serialize
com.google.gson.TreeTypeAdapter -> com.google.gson.TreeTypeAdapter:
    com.google.gson.JsonSerializer serializer -> serializer
    com.google.gson.JsonDeserializer deserializer -> deserializer
    com.google.gson.Gson gson -> gson
    com.google.gson.reflect.TypeToken typeToken -> typeToken
    com.google.gson.TypeAdapterFactory skipPast -> skipPast
    com.google.gson.TypeAdapter delegate -> delegate
    51:58:java.lang.Object read(com.google.gson.stream.JsonReader) -> read
    62:72:void write(com.google.gson.stream.JsonWriter,java.lang.Object) -> write
    75:76:com.google.gson.TypeAdapter delegate() -> delegate
    85:85:com.google.gson.TypeAdapterFactory newFactory(com.google.gson.reflect.TypeToken,java.lang.Object) -> newFactory
    95:96:com.google.gson.TypeAdapterFactory newFactoryWithMatchRawType(com.google.gson.reflect.TypeToken,java.lang.Object) -> newFactoryWithMatchRawType
    105:105:com.google.gson.TypeAdapterFactory newTypeHierarchyFactory(java.lang.Class,java.lang.Object) -> newTypeHierarchyFactory
com.google.gson.TreeTypeAdapter$1 -> com.google.gson.TreeTypeAdapter$1:
com.google.gson.TreeTypeAdapter$SingleTypeFactory -> com.google.gson.TreeTypeAdapter$SingleTypeFactory:
    com.google.gson.reflect.TypeToken exactType -> exactType
    boolean matchRawType -> matchRawType
    java.lang.Class hierarchyType -> hierarchyType
    com.google.gson.JsonSerializer serializer -> serializer
    com.google.gson.JsonDeserializer deserializer -> deserializer
    131:134:com.google.gson.TypeAdapter create(com.google.gson.Gson,com.google.gson.reflect.TypeToken) -> create
com.google.gson.TypeAdapter -> com.google.gson.TypeAdapter:
    void write(com.google.gson.stream.JsonWriter,java.lang.Object) -> write
    141:143:void toJson(java.io.Writer,java.lang.Object) -> toJson
    186:186:com.google.gson.TypeAdapter nullSafe() -> nullSafe
    215:217:java.lang.String toJson(java.lang.Object) -> toJson
    229:233:com.google.gson.JsonElement toJsonTree(java.lang.Object) -> toJsonTree
    java.lang.Object read(com.google.gson.stream.JsonReader) -> read
    255:256:java.lang.Object fromJson(java.io.Reader) -> fromJson
    269:269:java.lang.Object fromJson(java.lang.String) -> fromJson
    280:283:java.lang.Object fromJsonTree(com.google.gson.JsonElement) -> fromJsonTree
com.google.gson.TypeAdapter$1 -> com.google.gson.TypeAdapter$1:
    com.google.gson.TypeAdapter this$0 -> this$0
    188:193:void write(com.google.gson.stream.JsonWriter,java.lang.Object) -> write
    195:199:java.lang.Object read(com.google.gson.stream.JsonReader) -> read
com.google.gson.TypeAdapterFactory -> com.google.gson.TypeAdapterFactory:
    com.google.gson.TypeAdapter create(com.google.gson.Gson,com.google.gson.reflect.TypeToken) -> create
com.google.gson.annotations.Expose -> com.google.gson.annotations.Expose:
    boolean serialize() -> serialize
    boolean deserialize() -> deserialize
com.google.gson.annotations.SerializedName -> com.google.gson.annotations.SerializedName:
    java.lang.String value() -> value
com.google.gson.annotations.Since -> com.google.gson.annotations.Since:
    double value() -> value