proguard/usage.txt
com.mrwang.intellcity.BuildConfig
com.mrwang.intellcity.MainActivity:
    private long fristTime
    124:134:private void ToastAlert()
com.mrwang.intellcity.R:
    10:10:public R()
com.mrwang.intellcity.fragment.HMAdapter:
    public abstract android.view.View getView(int,android.view.View,android.view.ViewGroup)
com.mrwang.intellcity.pager.NewItemPager:
    protected static final java.lang.String IDS
com.mrwang.intellcity.pager.NewItemPager02
com.mrwang.intellcity.pager.NewItemPager02$1
com.mrwang.intellcity.pager.NewsCenterPager:
    165:165:public com.mrwang.intellcity.pager.NewsCenterPager getNewConterPager()
com.mrwang.intellcity.utils.CommonUtil:
    42:42:public CommonUtil()
    45:46:public static void showInfoDialog(android.content.Context,java.lang.String)
    51:62:public static void showInfoDialog(android.content.Context,java.lang.String,java.lang.String,java.lang.String,android.content.DialogInterface$OnClickListener)
    67:72:public static java.lang.String md5(java.lang.String)
    83:91:public static java.lang.String byteToHexString(byte[])
    101:125:public static int isNetworkAvailable(android.content.Context)
    135:138:public static java.lang.String getStringDate()
    153:154:public static int px2dip(android.content.Context,float)
    158:162:public static int getScreenPicHeight(int,android.graphics.Bitmap)
    175:226:public static void bindViewSelector(android.content.Context,android.view.View,java.lang.String,java.lang.String)
    230:237:private static android.graphics.drawable.Drawable createDrawable(android.graphics.drawable.Drawable,android.graphics.Paint)
    242:258:public static android.graphics.drawable.StateListDrawable createSLD(android.content.Context,android.graphics.drawable.Drawable)
    262:271:public static android.graphics.Bitmap getImageFromAssetsFile(android.content.Context,java.lang.String)
    285:317:public static java.lang.String getUploadtime(long)
    331:347:public static void setListViewHeightBasedOnChildren(android.widget.ListView)
    350:351:public static java.lang.String formatDate()
com.mrwang.intellcity.utils.CommonUtil$1
com.mrwang.intellcity.utils.CommonUtil$2
com.mrwang.intellcity.utils.CommonUtil$2$1
com.mrwang.intellcity.utils.GsonUtil:
    10:10:public GsonUtil()
com.mrwang.intellcity.utils.HMMApi
com.mrwang.intellcity.utils.LogUtils:
    private static final java.lang.String TAG
    6:6:public LogUtils()
    16:19:public static void i(java.lang.String,java.lang.String)
    35:38:public static void ii(android.content.Context,java.lang.String)
com.mrwang.intellcity.utils.SharedPreferencesUtil:
    10:10:public SharedPreferencesUtil()
com.mrwang.intellcity.view.pagerindicator.IconPagerAdapter:
    public abstract int getCount()
com.mrwang.intellcity.view.pagerindicator.IcsLinearLayout:
    private static final int LL_DIVIDER
    private static final int LL_SHOW_DIVIDER
    private static final int LL_DIVIDER_PADDING
com.mrwang.intellcity.view.pagerindicator.PageIndicator:
    public abstract void setViewPager(android.support.v4.view.ViewPager)
    public abstract void setViewPager(android.support.v4.view.ViewPager,int)
    public abstract void setCurrentItem(int)
    public abstract void setOnPageChangeListener(android.support.v4.view.ViewPager$OnPageChangeListener)
    public abstract void notifyDataSetChanged()
com.mrwang.intellcity.view.pagerindicator.TabPageIndicator:
    96:97:public void setOnTabReselectedListener(com.mrwang.intellcity.view.pagerindicator.TabPageIndicator$OnTabReselectedListener)
    243:245:public void setViewPager(android.support.v4.view.ViewPager,int)
    268:269:public void setOnPageChangeListener(android.support.v4.view.ViewPager$OnPageChangeListener)